TN:
SF:script/Deploy.s.sol
DA:34,0
FN:34,Deploy.run
FNDA:0,Deploy.run
DA:38,0
DA:39,0
DA:40,0
DA:41,0
DA:44,0
BRDA:44,0,0,-
BRDA:44,0,1,-
DA:45,0
BRDA:45,1,0,-
BRDA:45,1,1,-
DA:46,0
BRDA:46,2,0,-
BRDA:46,2,1,-
DA:47,0
BRDA:47,3,0,-
BRDA:47,3,1,-
DA:49,0
DA:50,0
DA:51,0
DA:52,0
DA:53,0
DA:54,0
DA:55,0
DA:56,0
DA:57,0
DA:60,0
DA:62,0
DA:69,0
DA:72,0
DA:73,0
DA:74,0
DA:75,0
DA:76,0
DA:77,0
DA:78,0
DA:79,0
DA:80,0
FNF:1
FNH:0
LF:30
LH:0
BRF:8
BRH:0
end_of_record
TN:
SF:src/CronStreamRouter.sol
DA:69,109
FN:69,CronStreamRouter.constructor
FNDA:109,CronStreamRouter.constructor
DA:71,109
DA:72,109
DA:73,109
DA:75,109
DA:76,109
DA:77,109
DA:78,109
DA:80,109
DA:91,7
FN:91,CronStreamRouter.onlyAgentManager
FNDA:7,CronStreamRouter.onlyAgentManager
DA:92,7
DA:96,7
FN:96,CronStreamRouter._onlyAgentManager
FNDA:7,CronStreamRouter._onlyAgentManager
DA:97,7
BRDA:97,0,0,1
BRDA:97,0,1,6
DA:100,261
FN:100,CronStreamRouter.onlyFeeManager
FNDA:261,CronStreamRouter.onlyFeeManager
DA:101,261
DA:105,264
FN:105,CronStreamRouter._onlyFeeManager
FNDA:264,CronStreamRouter._onlyFeeManager
DA:106,264
BRDA:106,1,0,2
BRDA:106,1,1,262
DA:155,2495
FN:155,CronStreamRouter.createStream
FNDA:2495,CronStreamRouter.createStream
DA:162,2494
BRDA:162,2,0,1
BRDA:162,2,1,2493
DA:163,2493
BRDA:163,3,0,1
BRDA:163,3,1,2492
DA:164,2492
BRDA:164,4,0,1
BRDA:164,4,1,2491
DA:165,2491
BRDA:165,5,0,1
BRDA:165,5,1,2490
DA:167,2490
BRDA:167,6,0,1
BRDA:167,6,1,2489
DA:172,2489
DA:173,2489
DA:179,2489
DA:181,2489
BRDA:181,7,0,-
DA:183,2489
DA:184,2489
DA:187,2489
DA:188,2489
DA:189,2489
DA:191,2489
DA:205,2489
DA:206,2489
DA:234,1720
FN:234,CronStreamRouter.extendStreamWindowWithSignature
FNDA:1720,CronStreamRouter.extendStreamWindowWithSignature
DA:240,1719
DA:241,1719
BRDA:241,8,0,1
DA:242,1718
BRDA:242,9,0,2
DA:245,1716
DA:252,1716
DA:253,1716
DA:254,1716
BRDA:254,10,0,264
DA:256,1452
BRDA:256,11,0,1184
BRDA:256,11,1,1184
DA:259,1184
DA:264,1184
DA:265,1184
BRDA:265,12,0,-
DA:267,1184
DA:268,1184
DA:269,1184
DA:272,268
DA:275,1452
DA:276,1452
DA:287,1262
FN:287,CronStreamRouter.withdrawFromStream
FNDA:1262,CronStreamRouter.withdrawFromStream
DA:288,1261
DA:289,1261
BRDA:289,13,0,1
DA:290,1260
BRDA:290,14,0,2
DA:291,1258
DA:292,1258
BRDA:292,15,0,258
DA:294,1000
DA:295,1000
DA:298,1000
DA:300,1000
BRDA:300,16,0,972
DA:301,972
DA:303,1000
DA:305,1000
DA:313,9
FN:313,CronStreamRouter.reclaimUnearned
FNDA:9,CronStreamRouter.reclaimUnearned
DA:314,9
DA:316,9
BRDA:316,17,0,2
DA:317,7
BRDA:317,18,0,1
DA:319,6
DA:320,6
DA:321,6
BRDA:321,19,0,2
DA:322,4
DA:324,4
DA:325,4
DA:334,266
FN:334,CronStreamRouter.cancelStream
FNDA:266,CronStreamRouter.cancelStream
DA:335,266
DA:337,266
BRDA:337,20,0,1
DA:338,265
BRDA:338,21,0,3
DA:340,262
DA:342,262
DA:343,262
DA:345,262
DA:347,262
DA:348,262
DA:358,4523
FN:358,CronStreamRouter._balanceOf
FNDA:4523,CronStreamRouter._balanceOf
DA:359,4523
DA:362,4523
DA:367,4523
DA:370,4523
DA:373,4523
DA:374,4523
BRDA:374,22,0,253
DA:376,4523
DA:382,2998
FN:382,CronStreamRouter.balanceOf
FNDA:2998,CronStreamRouter.balanceOf
DA:383,2998
BRDA:383,23,0,1
DA:384,2997
DA:391,7
FN:391,CronStreamRouter.setAgentSigner
FNDA:7,CronStreamRouter.setAgentSigner
DA:392,6
BRDA:392,24,0,1
DA:393,5
DA:394,5
DA:395,5
DA:398,3
FN:398,CronStreamRouter.setFeeRecipient
FNDA:3,CronStreamRouter.setFeeRecipient
DA:399,2
BRDA:399,25,0,1
DA:400,1
DA:401,1
DA:402,1
DA:405,261
FN:405,CronStreamRouter.setFeeBps
FNDA:261,CronStreamRouter.setFeeBps
DA:406,260
BRDA:406,26,0,257
DA:407,3
DA:408,3
DA:409,3
DA:418,9
FN:418,CronStreamRouter.pause
FNDA:10,CronStreamRouter.pause
DA:420,3
FN:420,CronStreamRouter.unpause
FNDA:3,CronStreamRouter.unpause
FNF:17
FNH:17
LF:114
LH:114
BRF:35
BRH:33
end_of_record
TN:
SF:test/CronStream.t.sol
DA:12,112
FN:12,MockUSDC.mint.0
FNDA:112,MockUSDC.mint.0
DA:13,0
FN:13,MockUSDC.decimals
FNDA:0,MockUSDC.decimals
DA:20,259
FN:20,MockFeeToken.constructor
FNDA:259,MockFeeToken.constructor
DA:21,259
DA:24,259
FN:24,MockFeeToken.mint.1
FNDA:259,MockFeeToken.mint.1
DA:26,520
FN:26,MockFeeToken._update
FNDA:520,MockFeeToken._update
DA:27,520
BRDA:27,0,0,259
DA:28,259
DA:29,259
DA:31,261
DA:32,261
DA:33,261
DA:34,261
FNF:5
FNH:4
LF:13
LH:12
BRF:1
BRH:1
end_of_record
